Arguments: 
  /usr/local/Cellar/node/10.9.0/bin/node /usr/local/Cellar/yarn/1.9.4/libexec/bin/yarn.js init

PATH: 
  /usr/local/bin:/usr/bin:/bin:/usr/sbin:/sbin:/Users/gabrielbuzziventuri/Library/Android/sdk/tools:/Users/gabrielbuzziventuri/Library/Android/sdk/platform-tools:/Users/gabrielbuzziventuri/Library/Android/sdk/tools:/Users/gabrielbuzziventuri/Library/Android/sdk/platform-tools

Yarn version: 
  1.9.4

Node version: 
  10.9.0

Platform: 
  darwin x64

Trace: 
  Error: canceled
      at Interface.<anonymous> (/usr/local/Cellar/yarn/1.9.4/libexec/lib/cli.js:126002:13)
      at Interface.emit (events.js:182:13)
      at Interface._ttyWrite (readline.js:783:16)
      at ReadStream.onkeypress (readline.js:168:10)
      at ReadStream.emit (events.js:182:13)
      at emitKeys (internal/readline.js:422:14)
      at emitKeys.next (<anonymous>)
      at ReadStream.onData (readline.js:1022:36)
      at ReadStream.emit (events.js:182:13)
      at addChunk (_stream_readable.js:283:12)

npm manifest: 
  No manifest

yarn manifest: 
  No manifest

Lockfile: 
  No lockfile
